<?xml version="1.0" encoding="UTF-8"?>
<!-- Generated by org.testng.reporters.JUnitReportReporter -->
<testsuite skipped="0" hostname="Amrishs-MacBook-Air.local" name="com.upgrade.uiautomation.UpgradeUIAutomation.LoanOffer" tests="1" failures="0" timestamp="2020-12-18T20:35:48 PST" time="24.580" errors="0">
  <testcase name="testMethod" time="24.580" classname="com.upgrade.uiautomation.UpgradeUIAutomation.LoanOffer"/>
  <system-out/>
</testsuite> <!-- com.upgrade.uiautomation.UpgradeUIAutomation.LoanOffer -->
