<?xml version="1.0" encoding="UTF-8"?>
<!-- Generated by org.testng.reporters.JUnitReportReporter -->
<testsuite skipped="0" hostname="Amrishs-Air.fios-router.home" name="com.upgrade.uiautomation.UpgradeUIAutomation.test.ProvidersFilterTest" tests="1" failures="0" timestamp="2021-02-11T22:44:55 EST" time="7.479" errors="0">
  <testcase name="testProvidersFilter" time="7.479" classname="com.upgrade.uiautomation.UpgradeUIAutomation.test.ProvidersFilterTest"/>
  <system-out/>
</testsuite> <!-- com.upgrade.uiautomation.UpgradeUIAutomation.test.ProvidersFilterTest -->
