<?xml version="1.0" encoding="UTF-8"?>
<!-- Generated by org.testng.reporters.JUnitReportReporter -->
<testsuite skipped="0" hostname="Amrishs-Air.fios-router.home" name="com.uniteus.uiautomation.UniteusUIAutomation.test.ProvidersFilterTest" tests="1" failures="0" timestamp="2021-02-11T23:00:06 EST" time="7.396" errors="0">
  <testcase name="testProvidersFilter" time="7.396" classname="com.uniteus.uiautomation.UniteusUIAutomation.test.ProvidersFilterTest"/>
  <system-out/>
</testsuite> <!-- com.uniteus.uiautomation.UniteusUIAutomation.test.ProvidersFilterTest -->
